  Compiling CUDA source file GA.cu...
  
  c:\Users\Admin\documents\visual studio 2015\Projects\CUDA_PGA\CUDA_PGA>"C:\Program Files\NVIDIA GPU Computing Toolkit\CUDA\v8.0\bin\nvcc.exe"  --use-local-env --cl-version 2015 -ccbin "D:\Program Files (x86)\Microsoft Visual Studio 14.0\VC\bin\x86_amd64"  -I"E:\E-Learning\E-Books\Performance_Model_Project\All Incs & Libs" -I"C:\Program Files\NVIDIA GPU Computing Toolkit\CUDA\v8.0\include" -I"C:\Program Files\NVIDIA GPU Computing Toolkit\CUDA\v8.0\include"     --keep-dir x64\Release -maxrregcount=0  --machine 64 --compile -cudart static     -DWIN32 -DWIN64 -DNDEBUG -D_CONSOLE -D_MBCS -Xcompiler "/EHsc /W3 /nologo /O2 /FS /Zi  /MT " -o x64\Release\GA.cu.obj "c:\Users\Admin\documents\visual studio 2015\Projects\CUDA_PGA\CUDA_PGA\GA.cu" 
CUDACOMPILE : nvcc warning : The 'compute_20', 'sm_20', and 'sm_21' architectures are deprecated, and may be removed in a future release (Use -Wno-deprecated-gpu-targets to suppress warning).
  GA.cu
c:\users\admin\documents\visual studio 2015\projects\cuda_pga\cuda_pga\RuleInitializer.cuh(37): warning C4244: 'argument': conversion from 'time_t' to 'unsigned int', possible loss of data
c:\users\admin\documents\visual studio 2015\projects\cuda_pga\cuda_pga\Mutation.cuh(8): warning C4244: 'argument': conversion from 'time_t' to 'unsigned int', possible loss of data
c:/Users/Admin/documents/visual studio 2015/Projects/CUDA_PGA/CUDA_PGA/GA.cu(383): warning C4244: '+=': conversion from 'double' to 'float', possible loss of data
c:/Users/Admin/documents/visual studio 2015/Projects/CUDA_PGA/CUDA_PGA/GA.cu(496): warning C4244: '+=': conversion from 'double' to 'float', possible loss of data
c:/Users/Admin/documents/visual studio 2015/Projects/CUDA_PGA/CUDA_PGA/GA.cu(542): warning C4244: '+=': conversion from 'double' to 'float', possible loss of data
c:/Users/Admin/documents/visual studio 2015/Projects/CUDA_PGA/CUDA_PGA/GA.cu(657): warning C4244: '+=': conversion from 'double' to 'float', possible loss of data
c:/Users/Admin/documents/visual studio 2015/Projects/CUDA_PGA/CUDA_PGA/GA.cu(696): warning C4244: '+=': conversion from 'double' to 'float', possible loss of data
c:/Users/Admin/documents/visual studio 2015/Projects/CUDA_PGA/CUDA_PGA/GA.cu(796): warning C4244: '+=': conversion from 'double' to 'float', possible loss of data
c:/Users/Admin/documents/visual studio 2015/Projects/CUDA_PGA/CUDA_PGA/GA.cu(838): warning C4244: '+=': conversion from 'double' to 'float', possible loss of data
c:/Users/Admin/documents/visual studio 2015/Projects/CUDA_PGA/CUDA_PGA/GA.cu(959): warning C4244: '+=': conversion from 'double' to 'float', possible loss of data
c:/Users/Admin/documents/visual studio 2015/Projects/CUDA_PGA/CUDA_PGA/GA.cu(1006): warning C4244: '+=': conversion from 'double' to 'float', possible loss of data
c:/Users/Admin/documents/visual studio 2015/Projects/CUDA_PGA/CUDA_PGA/GA.cu(1014): warning C4244: '+=': conversion from 'double' to 'float', possible loss of data
c:/Users/Admin/documents/visual studio 2015/Projects/CUDA_PGA/CUDA_PGA/GA.cu(1138): warning C4244: '+=': conversion from 'double' to 'float', possible loss of data
  LINK : /LTCG specified but no code generation required; remove /LTCG from the link command line to improve linker performance
  CUDA_PGA.vcxproj -> c:\Users\Admin\documents\visual studio 2015\Projects\CUDA_PGA\x64\Release\CUDA_PGA.exe
  copy "C:\Program Files\NVIDIA GPU Computing Toolkit\CUDA\v8.0\bin\cudart*.dll" "c:\Users\Admin\documents\visual studio 2015\Projects\CUDA_PGA\x64\Release\"
  C:\Program Files\NVIDIA GPU Computing Toolkit\CUDA\v8.0\bin\cudart32_80.dll
  C:\Program Files\NVIDIA GPU Computing Toolkit\CUDA\v8.0\bin\cudart64_80.dll
          2 file(s) copied.
